окт. 28, 2023 12:29:48 AM com.vladpiven.cronewebapp.aspect.ServiceLoggingAspect aroundAllServiceMethods
INFO: Begin of parseCroneExpression method
окт. 28, 2023 12:29:48 AM com.vladpiven.cronewebapp.aspect.ServiceLoggingAspect aroundAllServiceMethods
INFO: Arguments: []
окт. 28, 2023 12:29:48 AM com.vladpiven.cronewebapp.aspect.ServiceLoggingAspect afterThrowingServiceMethods
INFO: An exception was thrown: For input string: ""
окт. 28, 2023 12:29:52 AM com.vladpiven.cronewebapp.aspect.ServiceLoggingAspect aroundAllServiceMethods
INFO: Begin of parseCroneExpression method
окт. 28, 2023 12:29:52 AM com.vladpiven.cronewebapp.aspect.ServiceLoggingAspect aroundAllServiceMethods
INFO: Arguments: [*/15 0 1,15 * 1-5 /usr/bin/find]
окт. 28, 2023 12:29:52 AM com.vladpiven.cronewebapp.aspect.ServiceLoggingAspect aroundAllServiceMethods
INFO: End of parseCroneExpression method
окт. 28, 2023 12:29:52 AM com.vladpiven.cronewebapp.aspect.ServiceLoggingAspect aroundAllServiceMethods
INFO: Method return value: {hours=0 , month=1 2 3 4 5 6 7 8 9 10 11 12 , minutes=0 15 30 45 , day of month=1 15 , day of week=mon tue wed thu fri }
окт. 28, 2023 12:29:52 AM com.vladpiven.cronewebapp.aspect.ServiceLoggingAspect aroundAllServiceMethods
INFO: Begin of getCommand method
окт. 28, 2023 12:29:52 AM com.vladpiven.cronewebapp.aspect.ServiceLoggingAspect aroundAllServiceMethods
INFO: Arguments: [*/15 0 1,15 * 1-5 /usr/bin/find]
окт. 28, 2023 12:29:52 AM com.vladpiven.cronewebapp.aspect.ServiceLoggingAspect aroundAllServiceMethods
INFO: End of getCommand method
окт. 28, 2023 12:29:52 AM com.vladpiven.cronewebapp.aspect.ServiceLoggingAspect aroundAllServiceMethods
INFO: Method return value: /usr/bin/find 
окт. 28, 2023 12:29:59 AM com.vladpiven.cronewebapp.aspect.ServiceLoggingAspect aroundAllServiceMethods
INFO: Begin of parseCroneExpression method
окт. 28, 2023 12:29:59 AM com.vladpiven.cronewebapp.aspect.ServiceLoggingAspect aroundAllServiceMethods
INFO: Arguments: [* * 8 9 * *]
окт. 28, 2023 12:29:59 AM com.vladpiven.cronewebapp.aspect.ServiceLoggingAspect aroundAllServiceMethods
INFO: End of parseCroneExpression method
окт. 28, 2023 12:29:59 AM com.vladpiven.cronewebapp.aspect.ServiceLoggingAspect aroundAllServiceMethods
INFO: Method return value: {hours=0 1 2 3 4 5 6 7 8 9 10 11 12 13 14 15 16 17 18 19 20 21 22 23 , month=9 , minutes=0 1 2 3 4 5 6 7 8 9 10 11 12 13 14 15 16 17 18 19 20 21 22 23 24 25 26 27 28 29 30 31 32 33 34 35 36 37 38 39 40 41 42 43 44 45 46 47 48 49 50 51 52 53 54 55 56 57 58 59 , day of month=8 , day of week=sun mon tue wed thu fri sat }
окт. 28, 2023 12:29:59 AM com.vladpiven.cronewebapp.aspect.ServiceLoggingAspect aroundAllServiceMethods
INFO: Begin of getCommand method
окт. 28, 2023 12:29:59 AM com.vladpiven.cronewebapp.aspect.ServiceLoggingAspect aroundAllServiceMethods
INFO: Arguments: [* * 8 9 * *]
окт. 28, 2023 12:29:59 AM com.vladpiven.cronewebapp.aspect.ServiceLoggingAspect aroundAllServiceMethods
INFO: End of getCommand method
окт. 28, 2023 12:29:59 AM com.vladpiven.cronewebapp.aspect.ServiceLoggingAspect aroundAllServiceMethods
INFO: Method return value: * 
окт. 28, 2023 12:30:12 AM com.vladpiven.cronewebapp.aspect.ServiceLoggingAspect aroundAllServiceMethods
INFO: Begin of parseCroneExpression method
окт. 28, 2023 12:30:12 AM com.vladpiven.cronewebapp.aspect.ServiceLoggingAspect aroundAllServiceMethods
INFO: Arguments: []
окт. 28, 2023 12:30:12 AM com.vladpiven.cronewebapp.aspect.ServiceLoggingAspect afterThrowingServiceMethods
INFO: An exception was thrown: For input string: ""
